2018-01-26 09:30:27,048 [INFO] from application in ForkJoinPool-1-worker-9 - Creating Pool for datasource 'default'
2018-01-26 09:30:27,305 [INFO] from play.api.db.HikariCPConnectionPool in ForkJoinPool-1-worker-9 - datasource [default] bound to JNDI as DefaultDS
2018-01-26 09:30:27,324 [INFO] from play.api.db.DefaultDBApi in ForkJoinPool-1-worker-9 - Database [default] connected at jdbc:mysql://localhost/blog_demo?characterEncoding=UTF-8
2018-01-26 09:30:28,906 [INFO] from play.api.Play in ForkJoinPool-1-worker-9 - Application started (Dev)
2018-01-26 09:35:04,805 [INFO] from application in application-akka.actor.default-dispatcher-2 - Shutting down connection pool.
2018-01-26 09:35:05,097 [INFO] from application in application-akka.actor.default-dispatcher-2 - Creating Pool for datasource 'default'
2018-01-26 09:35:05,105 [INFO] from play.api.db.HikariCPConnectionPool in application-akka.actor.default-dispatcher-2 - datasource [default] bound to JNDI as DefaultDS
2018-01-26 09:35:05,111 [INFO] from play.api.db.DefaultDBApi in application-akka.actor.default-dispatcher-2 - Database [default] connected at jdbc:mysql://localhost/blog_demo?characterEncoding=UTF-8
2018-01-26 09:35:05,277 [INFO] from play.api.Play in application-akka.actor.default-dispatcher-2 - Application started (Dev)
2018-01-26 09:37:43,919 [INFO] from application in application-akka.actor.default-dispatcher-10 - Shutting down connection pool.
2018-01-26 09:37:44,189 [INFO] from application in application-akka.actor.default-dispatcher-10 - Creating Pool for datasource 'default'
2018-01-26 09:37:44,195 [INFO] from play.api.db.HikariCPConnectionPool in application-akka.actor.default-dispatcher-10 - datasource [default] bound to JNDI as DefaultDS
2018-01-26 09:37:44,202 [INFO] from play.api.db.DefaultDBApi in application-akka.actor.default-dispatcher-10 - Database [default] connected at jdbc:mysql://localhost/blog_demo?characterEncoding=UTF-8
2018-01-26 09:37:44,366 [INFO] from play.api.Play in application-akka.actor.default-dispatcher-10 - Application started (Dev)
2018-01-26 09:42:51,794 [INFO] from application in application-akka.actor.default-dispatcher-14 - Shutting down connection pool.
2018-01-26 09:42:52,027 [INFO] from application in application-akka.actor.default-dispatcher-14 - Creating Pool for datasource 'default'
2018-01-26 09:42:52,033 [INFO] from play.api.db.HikariCPConnectionPool in application-akka.actor.default-dispatcher-14 - datasource [default] bound to JNDI as DefaultDS
2018-01-26 09:42:52,038 [INFO] from play.api.db.DefaultDBApi in application-akka.actor.default-dispatcher-14 - Database [default] connected at jdbc:mysql://localhost/blog_demo?characterEncoding=UTF-8
2018-01-26 09:42:52,175 [INFO] from play.api.Play in application-akka.actor.default-dispatcher-14 - Application started (Dev)
2018-01-26 09:48:07,425 [INFO] from application in application-akka.actor.default-dispatcher-34 - Shutting down connection pool.
2018-01-26 09:48:07,784 [INFO] from application in application-akka.actor.default-dispatcher-34 - Creating Pool for datasource 'default'
2018-01-26 09:48:07,790 [INFO] from play.api.db.HikariCPConnectionPool in application-akka.actor.default-dispatcher-34 - datasource [default] bound to JNDI as DefaultDS
2018-01-26 09:48:07,795 [INFO] from play.api.db.DefaultDBApi in application-akka.actor.default-dispatcher-34 - Database [default] connected at jdbc:mysql://localhost/blog_demo?characterEncoding=UTF-8
2018-01-26 09:48:07,919 [INFO] from play.api.Play in application-akka.actor.default-dispatcher-34 - Application started (Dev)
2018-01-26 09:50:55,975 [INFO] from application in application-akka.actor.default-dispatcher-2 - Shutting down connection pool.
2018-01-26 09:50:56,338 [INFO] from application in application-akka.actor.default-dispatcher-2 - Creating Pool for datasource 'default'
2018-01-26 09:50:56,343 [INFO] from play.api.db.HikariCPConnectionPool in application-akka.actor.default-dispatcher-2 - datasource [default] bound to JNDI as DefaultDS
2018-01-26 09:50:56,348 [INFO] from play.api.db.DefaultDBApi in application-akka.actor.default-dispatcher-2 - Database [default] connected at jdbc:mysql://localhost/blog_demo?characterEncoding=UTF-8
2018-01-26 09:50:56,458 [INFO] from play.api.Play in application-akka.actor.default-dispatcher-2 - Application started (Dev)
2018-01-26 09:52:58,778 [INFO] from application in application-akka.actor.default-dispatcher-4 - Shutting down connection pool.
2018-01-26 09:52:59,018 [INFO] from application in application-akka.actor.default-dispatcher-4 - Creating Pool for datasource 'default'
2018-01-26 09:52:59,023 [INFO] from play.api.db.HikariCPConnectionPool in application-akka.actor.default-dispatcher-4 - datasource [default] bound to JNDI as DefaultDS
2018-01-26 09:52:59,028 [INFO] from play.api.db.DefaultDBApi in application-akka.actor.default-dispatcher-4 - Database [default] connected at jdbc:mysql://localhost/blog_demo?characterEncoding=UTF-8
2018-01-26 09:52:59,133 [INFO] from play.api.Play in application-akka.actor.default-dispatcher-4 - Application started (Dev)
2018-01-26 09:55:33,301 [INFO] from application in application-akka.actor.default-dispatcher-13 - Shutting down connection pool.
2018-01-26 09:55:33,566 [INFO] from application in application-akka.actor.default-dispatcher-13 - Creating Pool for datasource 'default'
2018-01-26 09:55:33,574 [INFO] from play.api.db.HikariCPConnectionPool in application-akka.actor.default-dispatcher-13 - datasource [default] bound to JNDI as DefaultDS
2018-01-26 09:55:33,579 [INFO] from play.api.db.DefaultDBApi in application-akka.actor.default-dispatcher-13 - Database [default] connected at jdbc:mysql://localhost/blog_demo?characterEncoding=UTF-8
2018-01-26 09:55:33,685 [INFO] from play.api.Play in application-akka.actor.default-dispatcher-13 - Application started (Dev)
2018-01-26 09:56:52,880 [INFO] from application in application-akka.actor.default-dispatcher-11 - Shutting down connection pool.
2018-01-26 09:56:52,924 [INFO] from application in application-akka.actor.default-dispatcher-11 - Creating Pool for datasource 'default'
2018-01-26 09:56:52,928 [INFO] from play.api.db.HikariCPConnectionPool in application-akka.actor.default-dispatcher-11 - datasource [default] bound to JNDI as DefaultDS
2018-01-26 09:56:52,933 [INFO] from play.api.db.DefaultDBApi in application-akka.actor.default-dispatcher-11 - Database [default] connected at jdbc:mysql://localhost/blog_demo?characterEncoding=UTF-8
2018-01-26 09:56:53,035 [INFO] from play.api.Play in application-akka.actor.default-dispatcher-11 - Application started (Dev)
2018-01-26 09:57:26,092 [INFO] from application in application-akka.actor.default-dispatcher-11 - Shutting down connection pool.
2018-01-26 09:57:26,134 [INFO] from application in application-akka.actor.default-dispatcher-11 - Creating Pool for datasource 'default'
2018-01-26 09:57:26,140 [INFO] from play.api.db.HikariCPConnectionPool in application-akka.actor.default-dispatcher-11 - datasource [default] bound to JNDI as DefaultDS
2018-01-26 09:57:26,145 [INFO] from play.api.db.DefaultDBApi in application-akka.actor.default-dispatcher-11 - Database [default] connected at jdbc:mysql://localhost/blog_demo?characterEncoding=UTF-8
2018-01-26 09:57:26,255 [INFO] from play.api.Play in application-akka.actor.default-dispatcher-11 - Application started (Dev)
2018-01-26 09:57:44,122 [INFO] from application in application-akka.actor.default-dispatcher-6 - Shutting down connection pool.
2018-01-26 09:57:44,177 [INFO] from application in application-akka.actor.default-dispatcher-6 - Creating Pool for datasource 'default'
2018-01-26 09:57:44,183 [INFO] from play.api.db.HikariCPConnectionPool in application-akka.actor.default-dispatcher-6 - datasource [default] bound to JNDI as DefaultDS
2018-01-26 09:57:44,188 [INFO] from play.api.db.DefaultDBApi in application-akka.actor.default-dispatcher-6 - Database [default] connected at jdbc:mysql://localhost/blog_demo?characterEncoding=UTF-8
2018-01-26 09:57:44,285 [INFO] from play.api.Play in application-akka.actor.default-dispatcher-6 - Application started (Dev)
2018-01-26 09:59:45,954 [INFO] from application in application-akka.actor.default-dispatcher-5 - Shutting down connection pool.
2018-01-26 09:59:46,174 [INFO] from application in application-akka.actor.default-dispatcher-5 - Creating Pool for datasource 'default'
2018-01-26 09:59:46,180 [INFO] from play.api.db.HikariCPConnectionPool in application-akka.actor.default-dispatcher-5 - datasource [default] bound to JNDI as DefaultDS
2018-01-26 09:59:46,185 [INFO] from play.api.db.DefaultDBApi in application-akka.actor.default-dispatcher-5 - Database [default] connected at jdbc:mysql://localhost/blog_demo?characterEncoding=UTF-8
2018-01-26 09:59:46,289 [INFO] from play.api.Play in application-akka.actor.default-dispatcher-5 - Application started (Dev)
2018-01-26 10:00:14,475 [INFO] from application in application-akka.actor.default-dispatcher-4 - Shutting down connection pool.
2018-01-26 10:00:14,511 [INFO] from application in application-akka.actor.default-dispatcher-4 - Creating Pool for datasource 'default'
2018-01-26 10:00:14,516 [INFO] from play.api.db.HikariCPConnectionPool in application-akka.actor.default-dispatcher-4 - datasource [default] bound to JNDI as DefaultDS
2018-01-26 10:00:14,524 [INFO] from play.api.db.DefaultDBApi in application-akka.actor.default-dispatcher-4 - Database [default] connected at jdbc:mysql://localhost/blog_demo?characterEncoding=UTF-8
2018-01-26 10:00:14,620 [INFO] from play.api.Play in application-akka.actor.default-dispatcher-4 - Application started (Dev)
2018-01-26 10:00:33,948 [INFO] from application in application-akka.actor.default-dispatcher-10 - Shutting down connection pool.
2018-01-26 10:00:33,988 [INFO] from application in application-akka.actor.default-dispatcher-10 - Creating Pool for datasource 'default'
2018-01-26 10:00:33,993 [INFO] from play.api.db.HikariCPConnectionPool in application-akka.actor.default-dispatcher-10 - datasource [default] bound to JNDI as DefaultDS
2018-01-26 10:00:33,997 [INFO] from play.api.db.DefaultDBApi in application-akka.actor.default-dispatcher-10 - Database [default] connected at jdbc:mysql://localhost/blog_demo?characterEncoding=UTF-8
2018-01-26 10:00:34,110 [INFO] from play.api.Play in application-akka.actor.default-dispatcher-10 - Application started (Dev)
2018-01-26 10:01:12,577 [INFO] from application in application-akka.actor.default-dispatcher-7 - Shutting down connection pool.
2018-01-26 10:01:12,615 [INFO] from application in application-akka.actor.default-dispatcher-7 - Creating Pool for datasource 'default'
2018-01-26 10:01:12,620 [INFO] from play.api.db.HikariCPConnectionPool in application-akka.actor.default-dispatcher-7 - datasource [default] bound to JNDI as DefaultDS
2018-01-26 10:01:12,625 [INFO] from play.api.db.DefaultDBApi in application-akka.actor.default-dispatcher-7 - Database [default] connected at jdbc:mysql://localhost/blog_demo?characterEncoding=UTF-8
2018-01-26 10:01:12,720 [INFO] from play.api.Play in application-akka.actor.default-dispatcher-7 - Application started (Dev)
2018-01-26 10:26:33,414 [WARN] from com.zaxxer.hikari.pool.HikariPool in HikariPool-15 housekeeper - HikariPool-15 - Thread starvation or clock leap detected (housekeeper delta=8m50s609ms).
2018-01-26 10:48:20,422 [WARN] from com.zaxxer.hikari.pool.HikariPool in HikariPool-15 housekeeper - HikariPool-15 - Thread starvation or clock leap detected (housekeeper delta=21m16s996ms).
2018-01-26 11:35:53,851 [WARN] from com.zaxxer.hikari.pool.HikariPool in HikariPool-15 housekeeper - HikariPool-15 - Thread starvation or clock leap detected (housekeeper delta=47m3s424ms).
2018-01-26 11:53:45,279 [WARN] from com.zaxxer.hikari.pool.HikariPool in HikariPool-15 housekeeper - HikariPool-15 - Thread starvation or clock leap detected (housekeeper delta=5m16s909ms).
2018-01-26 12:54:26,288 [WARN] from com.zaxxer.hikari.pool.HikariPool in HikariPool-15 housekeeper - HikariPool-15 - Thread starvation or clock leap detected (housekeeper delta=1h11s10ms).
2018-01-26 13:02:54,547 [WARN] from com.zaxxer.hikari.pool.HikariPool in HikariPool-15 housekeeper - HikariPool-15 - Thread starvation or clock leap detected (housekeeper delta=7m58s254ms).
2018-01-26 13:12:27,865 [WARN] from com.zaxxer.hikari.pool.HikariPool in HikariPool-15 housekeeper - HikariPool-15 - Thread starvation or clock leap detected (housekeeper delta=8m33s317ms).
2018-01-26 13:35:30,669 [WARN] from com.zaxxer.hikari.pool.HikariPool in HikariPool-15 housekeeper - HikariPool-15 - Thread starvation or clock leap detected (housekeeper delta=21m32s798ms).
2018-01-26 13:39:17,239 [WARN] from com.zaxxer.hikari.pool.HikariPool in HikariPool-15 housekeeper - HikariPool-15 - Thread starvation or clock leap detected (housekeeper delta=2m46s558ms).
2018-01-26 13:40:39,202 [INFO] from application in application-akka.actor.default-dispatcher-58 - Shutting down connection pool.
2018-01-26 13:40:39,247 [INFO] from application in application-akka.actor.default-dispatcher-58 - Creating Pool for datasource 'default'
2018-01-26 13:40:39,252 [INFO] from play.api.db.HikariCPConnectionPool in application-akka.actor.default-dispatcher-58 - datasource [default] bound to JNDI as DefaultDS
2018-01-26 13:40:39,257 [INFO] from play.api.db.DefaultDBApi in application-akka.actor.default-dispatcher-58 - Database [default] connected at jdbc:mysql://localhost/blog_demo?characterEncoding=UTF-8
2018-01-26 13:40:39,379 [INFO] from play.api.Play in application-akka.actor.default-dispatcher-58 - Application started (Dev)
2018-01-26 13:41:27,795 [INFO] from application in application-akka.actor.default-dispatcher-2 - Shutting down connection pool.
2018-01-26 13:41:27,829 [INFO] from application in application-akka.actor.default-dispatcher-2 - Creating Pool for datasource 'default'
2018-01-26 13:41:27,834 [INFO] from play.api.db.HikariCPConnectionPool in application-akka.actor.default-dispatcher-2 - datasource [default] bound to JNDI as DefaultDS
2018-01-26 13:41:27,859 [INFO] from play.api.db.DefaultDBApi in application-akka.actor.default-dispatcher-2 - Database [default] connected at jdbc:mysql://localhost/blog_demo?characterEncoding=UTF-8
2018-01-26 13:41:27,949 [INFO] from play.api.Play in application-akka.actor.default-dispatcher-2 - Application started (Dev)
2018-01-26 13:43:18,800 [INFO] from application in pool-4-thread-6 - Shutting down connection pool.
